INFO 2021-05-10 11:02:29,883 autoreload 636 Watching for file changes with StatReloader
INFO 2021-05-10 11:02:49,375 autoreload 636 Watching for file changes with StatReloader
INFO 2021-05-10 11:02:49,768 basehttp 161 "GET / HTTP/1.1" 200 10697
INFO 2021-05-10 11:03:46,733 basehttp 161 "GET / HTTP/1.1" 200 10697
INFO 2021-05-10 11:07:13,123 autoreload 250 /root/renran/renranapi/renranapi/settings/dev.py changed, reloading.
INFO 2021-05-10 11:07:13,494 autoreload 636 Watching for file changes with StatReloader
INFO 2021-05-10 11:07:15,628 autoreload 250 /root/renran/renranapi/renranapi/settings/dev.py changed, reloading.
INFO 2021-05-10 11:07:15,995 autoreload 636 Watching for file changes with StatReloader
INFO 2021-05-10 11:07:26,176 autoreload 250 /root/renran/renranapi/renranapi/settings/dev.py changed, reloading.
INFO 2021-05-10 11:07:26,535 autoreload 636 Watching for file changes with StatReloader
INFO 2021-05-10 11:37:00,657 autoreload 636 Watching for file changes with StatReloader
INFO 2021-05-10 11:37:01,142 basehttp 161 "GET / HTTP/1.1" 200 10697
WARNING 2021-05-10 11:37:01,280 log 230 Not Found: /favicon.ico
WARNING 2021-05-10 11:37:01,281 basehttp 161 "GET /favicon.ico HTTP/1.1" 404 2117
INFO 2021-05-10 11:37:25,628 autoreload 636 Watching for file changes with StatReloader
INFO 2021-05-10 11:37:26,105 basehttp 161 "GET / HTTP/1.1" 200 10697
WARNING 2021-05-10 11:37:26,240 log 230 Not Found: /favicon.ico
WARNING 2021-05-10 11:37:26,240 basehttp 161 "GET /favicon.ico HTTP/1.1" 404 2117
INFO 2021-05-10 11:37:55,786 autoreload 636 Watching for file changes with StatReloader
INFO 2021-05-10 11:37:56,431 basehttp 161 "GET / HTTP/1.1" 200 10697
WARNING 2021-05-10 11:37:56,704 log 230 Not Found: /favicon.ico
WARNING 2021-05-10 11:37:56,704 basehttp 161 "GET /favicon.ico HTTP/1.1" 404 2117
INFO 2021-05-10 12:11:18,793 basehttp 161 "GET / HTTP/1.1" 200 10697
WARNING 2021-05-10 12:11:18,958 log 230 Not Found: /favicon.ico
WARNING 2021-05-10 12:11:18,959 basehttp 161 "GET /favicon.ico HTTP/1.1" 404 2117
INFO 2021-05-10 12:11:40,117 basehttp 161 "GET / HTTP/1.1" 200 10697
INFO 2021-05-10 12:11:40,549 basehttp 161 "GET / HTTP/1.1" 200 10697
INFO 2021-05-10 12:11:40,962 basehttp 161 "GET / HTTP/1.1" 200 10697
INFO 2021-05-10 12:11:41,218 basehttp 161 "GET / HTTP/1.1" 200 10697
INFO 2021-05-10 12:11:41,446 basehttp 161 "GET / HTTP/1.1" 200 10697
INFO 2021-05-10 12:11:41,684 basehttp 161 "GET / HTTP/1.1" 200 10697
INFO 2021-05-10 12:11:42,065 basehttp 161 "GET / HTTP/1.1" 200 10697
INFO 2021-05-10 12:11:43,562 basehttp 161 "GET / HTTP/1.1" 200 10697
INFO 2021-05-10 12:13:18,143 basehttp 161 "GET / HTTP/1.1" 200 10697
INFO 2021-05-10 12:13:18,591 basehttp 161 "GET / HTTP/1.1" 200 10697
INFO 2021-05-10 12:16:38,633 basehttp 161 "GET / HTTP/1.1" 200 10697
INFO 2021-05-10 14:30:09,266 autoreload 636 Watching for file changes with StatReloader
INFO 2021-05-10 14:30:44,843 autoreload 636 Watching for file changes with StatReloader
INFO 2021-05-10 14:31:38,489 autoreload 636 Watching for file changes with StatReloader
INFO 2021-05-10 14:31:51,787 autoreload 636 Watching for file changes with StatReloader
INFO 2021-05-10 14:32:02,495 autoreload 636 Watching for file changes with StatReloader
INFO 2021-05-10 14:32:26,784 autoreload 636 Watching for file changes with StatReloader
INFO 2021-05-10 14:33:12,753 autoreload 636 Watching for file changes with StatReloader
INFO 2021-05-10 14:33:20,907 autoreload 636 Watching for file changes with StatReloader
INFO 2021-05-10 14:36:40,509 autoreload 636 Watching for file changes with StatReloader
INFO 2021-05-10 14:36:40,938 basehttp 161 "GET / HTTP/1.1" 200 10697
WARNING 2021-05-10 14:36:41,070 log 230 Not Found: /favicon.ico
WARNING 2021-05-10 14:36:41,070 basehttp 161 "GET /favicon.ico HTTP/1.1" 404 2117
INFO 2021-05-12 07:59:14,710 autoreload 636 Watching for file changes with StatReloader
INFO 2021-05-12 07:59:15,191 basehttp 161 "GET / HTTP/1.1" 200 10697
INFO 2021-05-12 07:59:15,239 basehttp 161 "GET /static/admin/css/fonts.css HTTP/1.1" 200 423
WARNING 2021-05-12 07:59:15,501 log 230 Not Found: /favicon.ico
WARNING 2021-05-12 07:59:15,501 basehttp 161 "GET /favicon.ico HTTP/1.1" 404 2117
INFO 2021-05-12 07:59:15,538 basehttp 161 "GET /static/admin/fonts/Roboto-Regular-webfont.woff HTTP/1.1" 200 85876
INFO 2021-05-12 07:59:15,543 basehttp 161 "GET /static/admin/fonts/Roboto-Bold-webfont.woff HTTP/1.1" 200 86184
INFO 2021-05-12 07:59:15,582 basehttp 161 "GET /static/admin/fonts/Roboto-Light-webfont.woff HTTP/1.1" 200 85692
INFO 2021-05-12 08:57:09,482 autoreload 636 Watching for file changes with StatReloader
INFO 2021-05-12 08:57:09,742 basehttp 161 "GET / HTTP/1.1" 200 10697
WARNING 2021-05-12 08:57:09,890 log 230 Not Found: /favicon.ico
WARNING 2021-05-12 08:57:09,890 basehttp 161 "GET /favicon.ico HTTP/1.1" 404 2117
INFO 2021-05-12 09:01:18,273 autoreload 636 Watching for file changes with StatReloader
INFO 2021-05-12 10:38:49,404 autoreload 636 Watching for file changes with StatReloader
INFO 2021-05-12 10:38:50,294 basehttp 161 "GET / HTTP/1.1" 200 10697
WARNING 2021-05-12 10:38:50,439 log 230 Not Found: /favicon.ico
WARNING 2021-05-12 10:38:50,439 basehttp 161 "GET /favicon.ico HTTP/1.1" 404 2117
INFO 2021-05-12 10:43:43,081 autoreload 636 Watching for file changes with StatReloader
INFO 2021-05-12 10:43:43,842 basehttp 161 "GET / HTTP/1.1" 200 10697
WARNING 2021-05-12 10:43:44,023 log 230 Not Found: /favicon.ico
WARNING 2021-05-12 10:43:44,023 basehttp 161 "GET /favicon.ico HTTP/1.1" 404 2117
INFO 2021-05-12 15:21:14,638 autoreload 636 Watching for file changes with StatReloader
INFO 2021-05-12 15:21:15,556 basehttp 161 "GET / HTTP/1.1" 200 10697
WARNING 2021-05-12 15:21:15,706 log 230 Not Found: /favicon.ico
WARNING 2021-05-12 15:21:15,706 basehttp 161 "GET /favicon.ico HTTP/1.1" 404 2117
INFO 2021-05-12 15:40:23,949 autoreload 636 Watching for file changes with StatReloader
INFO 2021-05-12 15:40:24,284 basehttp 161 "GET / HTTP/1.1" 200 10697
INFO 2021-05-12 16:20:49,027 autoreload 636 Watching for file changes with StatReloader
INFO 2021-05-12 16:22:17,891 autoreload 636 Watching for file changes with StatReloader
INFO 2021-05-12 16:22:30,459 autoreload 636 Watching for file changes with StatReloader
